\BOOKMARK [0][]{Inhaltsverzeichnis.0}{Inhaltsverzeichnis}{}% 1
\BOOKMARK [0][]{chapter*.1}{Abbildungsverzeichnis}{}% 2
\BOOKMARK [0][]{chapter*.2}{Tabellenverzeichnis}{}% 3
\BOOKMARK [0][]{chapter*.4}{Abk\374rzungsverzeichnis}{}% 4
\BOOKMARK [0][]{chapter.1}{1 Einleitung}{}% 5
\BOOKMARK [0][]{chapter.2}{2 Ziele der Arbeit}{}% 6
\BOOKMARK [0][]{chapter.3}{3 Analyse der Anforderungen und daraus abgeleitete Entwurfsentscheidungen}{}% 7
\BOOKMARK [1][-]{section.3.1}{3.1 Analyse der Anforderungen}{chapter.3}% 8
\BOOKMARK [1][-]{section.3.2}{3.2 Entwurfsentscheidungen des Gesamtsystems auf Basis der erhobenen Anforderungen}{chapter.3}% 9
\BOOKMARK [0][]{chapter.4}{4 Basisanwendung und Plug-Ins zur Realisierung der identifizierten Anforderungen}{}% 10
\BOOKMARK [1][-]{section.4.1}{4.1 Aufgaben und Struktur der Basisanwendung}{chapter.4}% 11
\BOOKMARK [1][-]{section.4.2}{4.2 Einbinden von Plug-Ins in die Basisanwendung}{chapter.4}% 12
\BOOKMARK [1][-]{section.4.3}{4.3 Das Plug-In "`Kontakte"'}{chapter.4}% 13
\BOOKMARK [1][-]{section.4.4}{4.4 Das Plug-In "`Touren"'}{chapter.4}% 14
\BOOKMARK [1][-]{section.4.5}{4.5 Das Plug-In "`Hilfe"'}{chapter.4}% 15
\BOOKMARK [0][]{chapter.5}{5 Evaluation}{}% 16
\BOOKMARK [1][-]{section.5.1}{5.1 Evaluation von Nutzbarkeit, Funktionsumfang und Akzeptanz anhand einer Zielgruppenschulung}{chapter.5}% 17
\BOOKMARK [2][-]{subsection.5.1.1}{5.1.1 Vorwissen der Teilnehmer und vorbereitende Ma\337nahmen}{section.5.1}% 18
\BOOKMARK [2][-]{subsection.5.1.2}{5.1.2 Ermittlung des Status Quo - Ablauf und Schlussfolgerungen}{section.5.1}% 19
\BOOKMARK [2][-]{subsection.5.1.3}{5.1.3 Anforderungen an CareNetmobile aus Sicht der Zielnutzergruppe}{section.5.1}% 20
\BOOKMARK [1][-]{section.5.2}{5.2 Evaluation der technischen Umsetzung der mobilen Anwendung}{chapter.5}% 21
\BOOKMARK [1][-]{section.5.3}{5.3 Fallstudie Pneunomie}{chapter.5}% 22
\BOOKMARK [0][]{chapter.6}{6 Fazit und zuk\374nftige Entwicklungs- und Einsatzm\366glichkeiten}{}% 23
\BOOKMARK [0][]{chapter.7}{7 Erkl\344rung}{}% 24
\BOOKMARK [0][]{chapter*.9}{Anhang}{}% 25
\BOOKMARK [1][-]{section.7.1}{A Kernanforderungen an eine mobile Anwendung zur Dokumentation \344rztlich \374bertragener T\344tigkeiten}{chapter*.9}% 26
\BOOKMARK [0][]{section*.10}{Literaturverzeichnis}{}% 27
